23/04/20 18:32:09:389 - TLibNFeConfig.AplicarConfiguracoes: C:\Users\Gabriel\Documents\NetBeansProjects\ProjetoFarmaciaMundial\ACBrLib.ini
23/04/20 18:32:09:389 - Travar
23/04/20 18:32:09:390 - TLibNFeConfig.AplicarConfiguracoes - Feito
23/04/20 18:32:09:390 - Destravar
23/04/20 18:32:09:391 - TLibNFeConfig.Ler - Feito
23/04/20 18:32:09:391 - Destravar
23/04/20 18:32:09:391 - LIB_Inicializar( C:\Users\Gabriel\Documents\NetBeansProjects\ProjetoFarmaciaMundial\ACBrLib.ini,  )
23/04/20 18:32:09:392 -    ACBrLibNFE - 0.4.6.43
23/04/20 18:32:09:392 -    SetRetorno(0, )
23/04/20 18:32:10:112 - NFE_CarregarXML(C:\NFCe\Contingencia Offline\33200430424716000187650010000001629149277273-nfe.xml )
23/04/20 18:32:10:112 - Travar
23/04/20 18:32:10:115 -    SetRetorno(0, 1 NFe(s) Carregada(s))
23/04/20 18:32:10:115 - Destravar
23/04/20 18:32:10:116 - NFE_StatusServico
23/04/20 18:32:10:117 - Travar
23/04/20 18:32:10:674 -    SetRetorno(0, [Status]
CStat=107
CUF=33
DhRecbto=23/04/2020 18:32:10
Msg=Servico em Operacao
TMed=1
VerAplic=SVRSnfce201805211008
Versao=4.00
XMotivo=Servico em Operacao
XObs=
tpAmb=2
)
23/04/20 18:32:10:674 - Destravar
23/04/20 18:32:10:675 - NFe_Enviar(0, )
23/04/20 18:32:10:675 - Travar
23/04/20 18:32:13:203 -    SetRetorno(0, [Envio]
CStat=103
CUF=33
DhRecbto=23/04/2020 18:32:11
Msg=Lote recebido com sucesso
NProt=
NRec=333065077525764
TMed=1
VerAplic=SVRSnfce201908091113
Versao=4.00
XMotivo=Lote recebido com sucesso
tpAmb=2

[Retorno]
CStat=104
CUF=33
ChaveDFe=33200430424716000187650010000001629149277273
Msg=Nota(s) não confirmadas:
162->204-Rejeicao: Duplicidade de NF-e [chNFe:33200430424716000187650010000001629149277273][nRec:333065077517097][nProt:333200000204509]
Protocolo=
VerAplic=SVRSnfce202003171215
Versao=4.00
XMotivo=Lote processado
cMsg=0
nRec=333065077525764
tpAmb=2
xMsg=

[NFe162]
Id=
XML=<protNFe versao="4.00"><infProt><tpAmb>2</tpAmb><verAplic>SVRSnfce202003171215</verAplic><chNFe>33200430424716000187650010000001629149277273</chNFe><dhRecbto>2020-04-23T18:32:11-03:00</dhRecbto><digVal>aUnV2ZewhjKZynG5MfKwhQG12Q0=</digVal><cStat>204</cStat><xMotivo>Rejeicao: Duplicidade de NF-e [chNFe:33200430424716000187650010000001629149277273][nRec:333065077517097][nProt:333200000204509]</xMotivo></infProt></protNFe>
cStat=204
chDFe=33200430424716000187650010000001629149277273
dhRecbto=23/04/2020 18:32:11
digVal=aUnV2ZewhjKZynG5MfKwhQG12Q0=
nProt=
tpAmb=2
verAplic=SVRSnfce202003171215
xMotivo=Rejeicao: Duplicidade de NF-e [chNFe:33200430424716000187650010000001629149277273][nRec:333065077517097][nProt:333200000204509]
)
23/04/20 18:32:13:204 - Destravar
23/04/20 18:32:27:682 - TLibNFeConfig.AplicarConfiguracoes: C:\Users\Gabriel\Documents\NetBeansProjects\ProjetoFarmaciaMundial\ACBrLib.ini
23/04/20 18:32:27:682 - Travar
23/04/20 18:32:27:683 - TLibNFeConfig.AplicarConfiguracoes - Feito
23/04/20 18:32:27:683 - Destravar
23/04/20 18:32:27:683 - TLibNFeConfig.Ler - Feito
23/04/20 18:32:27:684 - Destravar
23/04/20 18:32:27:684 - LIB_Inicializar( C:\Users\Gabriel\Documents\NetBeansProjects\ProjetoFarmaciaMundial\ACBrLib.ini,  )
23/04/20 18:32:27:684 -    ACBrLibNFE - 0.4.6.43
23/04/20 18:32:27:684 -    SetRetorno(0, )
23/04/20 18:32:28:634 - NFE_CarregarXML(C:\NFCe\Contingencia Offline\33200430424716000187650010000001629149277273-nfe.xml )
23/04/20 18:32:28:635 - Travar
23/04/20 18:32:28:637 -    SetRetorno(0, 1 NFe(s) Carregada(s))
23/04/20 18:32:28:637 - Destravar
23/04/20 18:32:28:639 - NFE_StatusServico
23/04/20 18:32:28:639 - Travar
23/04/20 18:32:29:200 -    SetRetorno(0, [Status]
CStat=107
CUF=33
DhRecbto=23/04/2020 18:32:29
Msg=Servico em Operacao
TMed=1
VerAplic=SVRSnfce201805211008
Versao=4.00
XMotivo=Servico em Operacao
XObs=
tpAmb=2
)
23/04/20 18:32:29:200 - Destravar
23/04/20 18:32:29:201 - NFe_Enviar(0, )
23/04/20 18:32:29:201 - Travar
23/04/20 18:32:31:735 -    SetRetorno(0, [Envio]
CStat=103
CUF=33
DhRecbto=23/04/2020 18:32:29
Msg=Lote recebido com sucesso
NProt=
NRec=333065077525774
TMed=1
VerAplic=SVRSnfce201908091113
Versao=4.00
XMotivo=Lote recebido com sucesso
tpAmb=2

[Retorno]
CStat=104
CUF=33
ChaveDFe=33200430424716000187650010000001629149277273
Msg=Nota(s) não confirmadas:
162->204-Rejeicao: Duplicidade de NF-e [chNFe:33200430424716000187650010000001629149277273][nRec:333065077517097][nProt:333200000204509]
Protocolo=
VerAplic=SVRSnfce202003171215
Versao=4.00
XMotivo=Lote processado
cMsg=0
nRec=333065077525774
tpAmb=2
xMsg=

[NFe162]
Id=
XML=<protNFe versao="4.00"><infProt><tpAmb>2</tpAmb><verAplic>SVRSnfce202003171215</verAplic><chNFe>33200430424716000187650010000001629149277273</chNFe><dhRecbto>2020-04-23T18:32:29-03:00</dhRecbto><digVal>aUnV2ZewhjKZynG5MfKwhQG12Q0=</digVal><cStat>204</cStat><xMotivo>Rejeicao: Duplicidade de NF-e [chNFe:33200430424716000187650010000001629149277273][nRec:333065077517097][nProt:333200000204509]</xMotivo></infProt></protNFe>
cStat=204
chDFe=33200430424716000187650010000001629149277273
dhRecbto=23/04/2020 18:32:29
digVal=aUnV2ZewhjKZynG5MfKwhQG12Q0=
nProt=
tpAmb=2
verAplic=SVRSnfce202003171215
xMotivo=Rejeicao: Duplicidade de NF-e [chNFe:33200430424716000187650010000001629149277273][nRec:333065077517097][nProt:333200000204509]
)
23/04/20 18:32:31:735 - Destravar
23/04/20 18:35:47:564 - TLibNFeConfig.AplicarConfiguracoes: C:\Users\Gabriel\Documents\NetBeansProjects\ProjetoFarmaciaMundial\ACBrLib.ini
23/04/20 18:35:47:564 - Travar
23/04/20 18:35:47:564 - TLibNFeConfig.Gravar: C:\Users\Gabriel\Documents\NetBeansProjects\ProjetoFarmaciaMundial\ACBrLib.ini
23/04/20 18:35:47:565 - TLibNFeConfig.Gravar - Feito
23/04/20 18:35:47:566 - Destravar
23/04/20 18:35:47:566 - Travar
23/04/20 18:35:47:567 - TLibNFeConfig.AplicarConfiguracoes - Feito
23/04/20 18:35:47:567 - Destravar
23/04/20 18:35:47:567 - TLibNFeConfig.Ler - Feito
23/04/20 18:35:47:567 - Destravar
23/04/20 18:35:47:568 - LIB_Inicializar( C:\Users\Gabriel\Documents\NetBeansProjects\ProjetoFarmaciaMundial\ACBrLib.ini,  )
23/04/20 18:35:47:568 -    ACBrLibNFE - 0.4.6.44
23/04/20 18:35:47:568 -    SetRetorno(0, )
23/04/20 18:35:48:388 - NFE_CarregarXML(C:\NFCe\Contingencia Offline\33200430424716000187650010000001629149277273-nfe.xml )
23/04/20 18:35:48:388 - Travar
23/04/20 18:35:48:390 -    SetRetorno(0, 1 NFe(s) Carregada(s))
23/04/20 18:35:48:391 - Destravar
23/04/20 18:35:48:392 - NFE_StatusServico
23/04/20 18:35:48:392 - Travar
23/04/20 18:35:48:850 -    SetRetorno(0, [Status]
CStat=107
CUF=33
DhRecbto=23/04/2020 18:35:49
Msg=Servico em Operacao
TMed=1
VerAplic=SVRSnfce201805211008
Versao=4.00
XMotivo=Servico em Operacao
XObs=
tpAmb=2
)
23/04/20 18:35:48:850 - Destravar
23/04/20 18:35:48:851 - NFe_Enviar(0, )
23/04/20 18:35:48:851 - Travar
23/04/20 18:35:51:394 -    SetRetorno(0, [Envio]
CStat=103
CUF=33
DhRecbto=23/04/2020 18:35:49
Msg=Lote recebido com sucesso
NProt=
NRec=333065077525816
TMed=1
VerAplic=SVRSnfce201908091113
Versao=4.00
XMotivo=Lote recebido com sucesso
tpAmb=2

[Retorno]
CStat=104
CUF=33
ChaveDFe=33200430424716000187650010000001629149277273
Msg=Nota(s) não confirmadas:
162->204-Rejeicao: Duplicidade de NF-e [chNFe:33200430424716000187650010000001629149277273][nRec:333065077517097][nProt:333200000204509]
Protocolo=
VerAplic=SVRSnfce202003171215
Versao=4.00
XMotivo=Lote processado
cMsg=0
nRec=333065077525816
tpAmb=2
xMsg=

[NFe162]
Id=
XML=<protNFe versao="4.00"><infProt><tpAmb>2</tpAmb><verAplic>SVRSnfce202003171215</verAplic><chNFe>33200430424716000187650010000001629149277273</chNFe><dhRecbto>2020-04-23T18:35:49-03:00</dhRecbto><digVal>aUnV2ZewhjKZynG5MfKwhQG12Q0=</digVal><cStat>204</cStat><xMotivo>Rejeicao: Duplicidade de NF-e [chNFe:33200430424716000187650010000001629149277273][nRec:333065077517097][nProt:333200000204509]</xMotivo></infProt></protNFe>
cStat=204
chDFe=33200430424716000187650010000001629149277273
dhRecbto=23/04/2020 18:35:49
digVal=aUnV2ZewhjKZynG5MfKwhQG12Q0=
nProt=
tpAmb=2
verAplic=SVRSnfce202003171215
xMotivo=Rejeicao: Duplicidade de NF-e [chNFe:33200430424716000187650010000001629149277273][nRec:333065077517097][nProt:333200000204509]
)
23/04/20 18:35:51:394 - Destravar
23/04/20 18:35:51:395 - LIB_UltimoRetorno
23/04/20 18:35:51:395 -    Codigo:0, Mensagem:[Envio][CR][LF]CStat=103[CR][LF]CUF=33[CR][LF]DhRecbto=23/04/2020 18:35:49[CR][LF]Msg=Lote recebido com sucesso[CR][LF]NProt=[CR][LF]NRec=333065077525816[CR][LF]TMed=1[CR][LF]VerAplic=SVRSnfce201908091113[CR][LF]Versao=4.00[CR][LF]XMotivo=Lote recebido com sucesso[CR][LF]tpAmb=2[CR][LF][CR][LF][Retorno][CR][LF]CStat=104[CR][LF]CUF=33[CR][LF]ChaveDFe
23/04/20 18:35:54:871 - Finalizar
23/04/20 18:35:58:903 - TLibNFeConfig.AplicarConfiguracoes: C:\Users\Gabriel\Documents\NetBeansProjects\ProjetoFarmaciaMundial\ACBrLib.ini
23/04/20 18:35:58:903 - Travar
23/04/20 18:35:58:903 - TLibNFeConfig.AplicarConfiguracoes - Feito
23/04/20 18:35:58:904 - Destravar
23/04/20 18:35:58:904 - TLibNFeConfig.Ler - Feito
23/04/20 18:35:58:904 - Destravar
23/04/20 18:35:58:904 - LIB_Inicializar( C:\Users\Gabriel\Documents\NetBeansProjects\ProjetoFarmaciaMundial\ACBrLib.ini,  )
23/04/20 18:35:58:905 -    ACBrLibNFE - 0.4.6.44
23/04/20 18:35:58:905 -    SetRetorno(0, )
23/04/20 18:36:00:407 - NFE_CarregarXML(C:\NFCe\Contingencia Offline\33200430424716000187650010000001629149277273-nfe.xml )
23/04/20 18:36:00:408 - Travar
23/04/20 18:36:00:410 -    SetRetorno(0, 1 NFe(s) Carregada(s))
23/04/20 18:36:00:410 - Destravar
23/04/20 18:36:00:412 - NFE_StatusServico
23/04/20 18:36:00:412 - Travar
23/04/20 18:36:00:860 -    SetRetorno(0, [Status]
CStat=107
CUF=33
DhRecbto=23/04/2020 18:36:01
Msg=Servico em Operacao
TMed=1
VerAplic=SVRSnfce201805211008
Versao=4.00
XMotivo=Servico em Operacao
XObs=
tpAmb=2
)
23/04/20 18:36:00:860 - Destravar
23/04/20 18:36:00:861 - NFe_Enviar(0, )
23/04/20 18:36:00:861 - Travar
23/04/20 18:36:03:389 -    SetRetorno(0, [Envio]
CStat=103
CUF=33
DhRecbto=23/04/2020 18:36:01
Msg=Lote recebido com sucesso
NProt=
NRec=333065077525818
TMed=1
VerAplic=SVRSnfce201908091113
Versao=4.00
XMotivo=Lote recebido com sucesso
tpAmb=2

[Retorno]
CStat=104
CUF=33
ChaveDFe=33200430424716000187650010000001629149277273
Msg=Nota(s) não confirmadas:
162->204-Rejeicao: Duplicidade de NF-e [chNFe:33200430424716000187650010000001629149277273][nRec:333065077517097][nProt:333200000204509]
Protocolo=
VerAplic=SVRSnfce202003171215
Versao=4.00
XMotivo=Lote processado
cMsg=0
nRec=333065077525818
tpAmb=2
xMsg=

[NFe162]
Id=
XML=<protNFe versao="4.00"><infProt><tpAmb>2</tpAmb><verAplic>SVRSnfce202003171215</verAplic><chNFe>33200430424716000187650010000001629149277273</chNFe><dhRecbto>2020-04-23T18:36:01-03:00</dhRecbto><digVal>aUnV2ZewhjKZynG5MfKwhQG12Q0=</digVal><cStat>204</cStat><xMotivo>Rejeicao: Duplicidade de NF-e [chNFe:33200430424716000187650010000001629149277273][nRec:333065077517097][nProt:333200000204509]</xMotivo></infProt></protNFe>
cStat=204
chDFe=33200430424716000187650010000001629149277273
dhRecbto=23/04/2020 18:36:01
digVal=aUnV2ZewhjKZynG5MfKwhQG12Q0=
nProt=
tpAmb=2
verAplic=SVRSnfce202003171215
xMotivo=Rejeicao: Duplicidade de NF-e [chNFe:33200430424716000187650010000001629149277273][nRec:333065077517097][nProt:333200000204509]
)
23/04/20 18:36:03:389 - Destravar
23/04/20 18:36:03:389 - LIB_UltimoRetorno
23/04/20 18:36:03:390 -    Codigo:0, Mensagem:[Envio][CR][LF]CStat=103[CR][LF]CUF=33[CR][LF]DhRecbto=23/04/2020 18:36:01[CR][LF]Msg=Lote recebido com sucesso[CR][LF]NProt=[CR][LF]NRec=333065077525818[CR][LF]TMed=1[CR][LF]VerAplic=SVRSnfce201908091113[CR][LF]Versao=4.00[CR][LF]XMotivo=Lote recebido com sucesso[CR][LF]tpAmb=2[CR][LF][CR][LF][Retorno][CR][LF]CStat=104[CR][LF]CUF=33[CR][LF]ChaveDFe
23/04/20 18:36:05:758 - Finalizar
23/04/20 18:36:27:744 - TLibNFeConfig.AplicarConfiguracoes: C:\Users\Gabriel\Documents\NetBeansProjects\ProjetoFarmaciaMundial\ACBrLib.ini
23/04/20 18:36:27:745 - Travar
23/04/20 18:36:27:745 - TLibNFeConfig.AplicarConfiguracoes - Feito
23/04/20 18:36:27:746 - Destravar
23/04/20 18:36:27:746 - TLibNFeConfig.Ler - Feito
23/04/20 18:36:27:746 - Destravar
23/04/20 18:36:27:746 - LIB_Inicializar( C:\Users\Gabriel\Documents\NetBeansProjects\ProjetoFarmaciaMundial\ACBrLib.ini,  )
23/04/20 18:36:27:747 -    ACBrLibNFE - 0.4.6.44
23/04/20 18:36:27:747 -    SetRetorno(0, )
23/04/20 18:36:28:728 - NFE_CarregarXML(C:\NFCe\Contingencia Offline\33200430424716000187650010000001629149277273-nfe.xml )
23/04/20 18:36:28:728 - Travar
23/04/20 18:36:28:730 -    SetRetorno(0, 1 NFe(s) Carregada(s))
23/04/20 18:36:28:730 - Destravar
23/04/20 18:36:28:732 - NFE_StatusServico
23/04/20 18:36:28:732 - Travar
23/04/20 18:36:29:173 -    SetRetorno(0, [Status]
CStat=107
CUF=33
DhRecbto=23/04/2020 18:36:29
Msg=Servico em Operacao
TMed=1
VerAplic=SVRSnfce201805211008
Versao=4.00
XMotivo=Servico em Operacao
XObs=
tpAmb=2
)
23/04/20 18:36:29:173 - Destravar
23/04/20 18:36:29:174 - NFe_Enviar(0, )
23/04/20 18:36:29:174 - Travar
23/04/20 18:36:31:706 -    SetRetorno(0, [Envio]
CStat=103
CUF=33
DhRecbto=23/04/2020 18:36:29
Msg=Lote recebido com sucesso
NProt=
NRec=333065077525823
TMed=1
VerAplic=SVRSnfce201908091113
Versao=4.00
XMotivo=Lote recebido com sucesso
tpAmb=2

[Retorno]
CStat=104
CUF=33
ChaveDFe=33200430424716000187650010000001629149277273
Msg=Nota(s) não confirmadas:
162->204-Rejeicao: Duplicidade de NF-e [chNFe:33200430424716000187650010000001629149277273][nRec:333065077517097][nProt:333200000204509]
Protocolo=
VerAplic=SVRSnfce202003171215
Versao=4.00
XMotivo=Lote processado
cMsg=0
nRec=333065077525823
tpAmb=2
xMsg=

[NFe162]
Id=
XML=<protNFe versao="4.00"><infProt><tpAmb>2</tpAmb><verAplic>SVRSnfce202003171215</verAplic><chNFe>33200430424716000187650010000001629149277273</chNFe><dhRecbto>2020-04-23T18:36:29-03:00</dhRecbto><digVal>aUnV2ZewhjKZynG5MfKwhQG12Q0=</digVal><cStat>204</cStat><xMotivo>Rejeicao: Duplicidade de NF-e [chNFe:33200430424716000187650010000001629149277273][nRec:333065077517097][nProt:333200000204509]</xMotivo></infProt></protNFe>
cStat=204
chDFe=33200430424716000187650010000001629149277273
dhRecbto=23/04/2020 18:36:29
digVal=aUnV2ZewhjKZynG5MfKwhQG12Q0=
nProt=
tpAmb=2
verAplic=SVRSnfce202003171215
xMotivo=Rejeicao: Duplicidade de NF-e [chNFe:33200430424716000187650010000001629149277273][nRec:333065077517097][nProt:333200000204509]
)
23/04/20 18:36:31:707 - Destravar
23/04/20 18:36:31:707 - LIB_UltimoRetorno
23/04/20 18:36:31:707 -    Codigo:0, Mensagem:[Envio][CR][LF]CStat=103[CR][LF]CUF=33[CR][LF]DhRecbto=23/04/2020 18:36:29[CR][LF]Msg=Lote recebido com sucesso[CR][LF]NProt=[CR][LF]NRec=333065077525823[CR][LF]TMed=1[CR][LF]VerAplic=SVRSnfce201908091113[CR][LF]Versao=4.00[CR][LF]XMotivo=Lote recebido com sucesso[CR][LF]tpAmb=2[CR][LF][CR][LF][Retorno][CR][LF]CStat=104[CR][LF]CUF=33[CR][LF]ChaveDFe
23/04/20 21:55:28:227 - Finalizar
23/04/20 21:55:30:337 - TLibNFeConfig.AplicarConfiguracoes: C:\Users\Gabriel\Documents\NetBeansProjects\ProjetoFarmaciaMundial\ACBrLib.ini
23/04/20 21:55:30:337 - Travar
23/04/20 21:55:30:338 - TLibNFeConfig.AplicarConfiguracoes - Feito
23/04/20 21:55:30:338 - Destravar
23/04/20 21:55:30:338 - TLibNFeConfig.Ler - Feito
23/04/20 21:55:30:339 - Destravar
23/04/20 21:55:30:339 - LIB_Inicializar( C:\Users\Gabriel\Documents\NetBeansProjects\ProjetoFarmaciaMundial\ACBrLib.ini,  )
23/04/20 21:55:30:339 -    ACBrLibNFE - 0.4.6.44
23/04/20 21:55:30:339 -    SetRetorno(0, )
23/04/20 21:55:31:442 - NFE_CarregarXML(C:\NFCe\Contingencia Offline\33200430424716000187650010000001629149277273-nfe.xml )
23/04/20 21:55:31:443 - Travar
23/04/20 21:55:31:445 -    SetRetorno(0, 1 NFe(s) Carregada(s))
23/04/20 21:55:31:445 - Destravar
23/04/20 21:55:31:447 - NFE_StatusServico
23/04/20 21:55:31:447 - Travar
23/04/20 21:55:31:866 -    SetRetorno(0, [Status]
CStat=107
CUF=33
DhRecbto=23/04/2020 21:55:31
Msg=Servico em Operacao
TMed=1
VerAplic=SVRSnfce201805211008
Versao=4.00
XMotivo=Servico em Operacao
XObs=
tpAmb=2
)
23/04/20 21:55:31:866 - Destravar
23/04/20 21:55:31:867 - NFe_Enviar(0, )
23/04/20 21:55:31:867 - Travar
23/04/20 21:55:34:753 -    SetRetorno(0, [Envio]
CStat=103
CUF=33
DhRecbto=23/04/2020 21:55:31
Msg=Lote recebido com sucesso
NProt=
NRec=333065077526835
TMed=1
VerAplic=SVRSnfce201908091113
Versao=4.00
XMotivo=Lote recebido com sucesso
tpAmb=2

[Retorno]
CStat=104
CUF=33
ChaveDFe=33200430424716000187650010000001629149277273
Msg=Nota(s) não confirmadas:
162->204-Rejeicao: Duplicidade de NF-e [chNFe:33200430424716000187650010000001629149277273][nRec:333065077517097][nProt:333200000204509]
Protocolo=
VerAplic=SVRSnfce202003171215
Versao=4.00
XMotivo=Lote processado
cMsg=0
nRec=333065077526835
tpAmb=2
xMsg=

[NFe162]
Id=
XML=<protNFe versao="4.00"><infProt><tpAmb>2</tpAmb><verAplic>SVRSnfce202003171215</verAplic><chNFe>33200430424716000187650010000001629149277273</chNFe><dhRecbto>2020-04-23T21:55:32-03:00</dhRecbto><digVal>aUnV2ZewhjKZynG5MfKwhQG12Q0=</digVal><cStat>204</cStat><xMotivo>Rejeicao: Duplicidade de NF-e [chNFe:33200430424716000187650010000001629149277273][nRec:333065077517097][nProt:333200000204509]</xMotivo></infProt></protNFe>
cStat=204
chDFe=33200430424716000187650010000001629149277273
dhRecbto=23/04/2020 21:55:32
digVal=aUnV2ZewhjKZynG5MfKwhQG12Q0=
nProt=
tpAmb=2
verAplic=SVRSnfce202003171215
xMotivo=Rejeicao: Duplicidade de NF-e [chNFe:33200430424716000187650010000001629149277273][nRec:333065077517097][nProt:333200000204509]
)
23/04/20 21:55:34:753 - Destravar
23/04/20 21:55:34:754 - LIB_UltimoRetorno
23/04/20 21:55:34:754 -    Codigo:0, Mensagem:[Envio][CR][LF]CStat=103[CR][LF]CUF=33[CR][LF]DhRecbto=23/04/2020 21:55:31[CR][LF]Msg=Lote recebido com sucesso[CR][LF]NProt=[CR][LF]NRec=333065077526835[CR][LF]TMed=1[CR][LF]VerAplic=SVRSnfce201908091113[CR][LF]Versao=4.00[CR][LF]XMotivo=Lote recebido com sucesso[CR][LF]tpAmb=2[CR][LF][CR][LF][Retorno][CR][LF]CStat=104[CR][LF]CUF=33[CR][LF]ChaveDFe
23/04/20 21:55:36:708 - Finalizar
